C51 COMPILER V9.02   DISPLAY                                                               09/24/2018 20:43:12 PAGE 1   


C51 COMPILER V9.02, COMPILATION OF MODULE DISPLAY
OBJECT MODULE PLACED IN display.OBJ
COMPILER INVOKED BY: F:\keil\C51\BIN\C51.EXE display.c BROWSE DEBUG OBJECTEXTEND

line level    source

   1          #include"display.h"
   2          #include"delay.h"
   3          
   4          #define DataPort P0 //定义数据端口 
   5          
   6          
   7          unsigned char code DuanMa[10]={0xc0,0xf9,0xa4,0xb0,0x99,0x92,0x82,0xf8,0x80,0x90};// 显示段码值0~9
   8          unsigned char code WeiMa[]={0xfe,0xfd,0xfb,0xf7,0xef,0xdf,0xbf,0x7f};//分别对应相应的数码管点亮,即位码
   9          unsigned char TempData[8]; //存储显示值的全局变量
  10          
  11          /****************************************************************************** 
  12           显示函数，用于动态扫描数码管
  13           输入参数 FirstBit 表示需要显示的第一位，如赋值2表示从第三个数码管开始显示
  14           如输入0表示从第一个显示。
  15           Num表示需要显示的位数，如需要显示99两位数值则该值输入2
  16          ******************************************************************************/
  17          void Display(unsigned char FirstBit,unsigned char Num)
  18          {
  19   1            static unsigned char i=0;
  20   1                 DataPort=0xff;   //清空数据，防止有交替重影
  21   1             P2=WeiMa[i+FirstBit]; //取位码 
  22   1             DataPort=TempData[i]; //取显示数据，段码
  23   1                 i++;
  24   1             if(i==Num)
  25   1                    i=0;
  26   1      }
  27          
  28          
  29          


MODULE INFORMATION:   STATIC OVERLAYABLE
   CODE SIZE        =     31    ----
   CONSTANT SIZE    =     18    ----
   XDATA SIZE       =   ----    ----
   PDATA SIZE       =   ----    ----
   DATA SIZE        =      9    ----
   IDATA SIZE       =   ----    ----
   BIT SIZE         =   ----    ----
END OF MODULE INFORMATION.


C51 COMPILATION COMPLETE.  0 WARNING(S),  0 ERROR(S)
