C51 COMPILER V9.02   HX711                                                                 09/24/2018 20:43:12 PAGE 1   


C51 COMPILER V9.02, COMPILATION OF MODULE HX711
OBJECT MODULE PLACED IN hx711.OBJ
COMPILER INVOKED BY: F:\keil\C51\BIN\C51.EXE hx711.c BROWSE DEBUG OBJECTEXTEND

line level    source

   1          #include<reg52.h>
   2          #include "hx711.h"
   3          
   4          sbit ADDO = P3^3; 
   5          sbit ADSK = P3^2; 
   6          
   7          /****************************************************************************** 
   8          hx711读取AD值
   9          ******************************************************************************/
  10          //
  11          
  12          unsigned long ReadCount(void)
  13          { 
  14   1           
  15   1              unsigned long Count; 
  16   1              unsigned int ADval;
  17   1              unsigned char i;
  18   1              ADSK=0;  
  19   1              ADDO=1; 
  20   1              Count=0; 
  21   1              while(ADDO);
  22   1          for(i=0;i<24;i++)   //读24个bit
  23   1          { 
  24   2              ADSK=1; 
  25   2              Count=Count<<1; 
  26   2              ADSK=0; 
  27   2              if(ADDO)Count++; 
  28   2              } 
  29   1          ADSK=1; //发送第25个脉冲，表示下次转换使用A通道128db
  30   1              Count=Count^0x800000;
  31   1                      
  32   1              ADSK=0; 
  33   1              ADval = Count>>8;
  34   1      
  35   1          ADval = ADval - 30000;
  36   1      
  37   1              return(ADval); //返回为  16位           
  38   1      } 
  39          
  40                            


MODULE INFORMATION:   STATIC OVERLAYABLE
   CODE SIZE        =     72    ----
   CONSTANT SIZE    =   ----    ----
   XDATA SIZE       =   ----    ----
   PDATA SIZE       =   ----    ----
   DATA SIZE        =   ----    ----
   IDATA SIZE       =   ----    ----
   BIT SIZE         =   ----    ----
END OF MODULE INFORMATION.


C51 COMPILATION COMPLETE.  0 WARNING(S),  0 ERROR(S)
