C51 COMPILER V9.02   KEY                                                                   09/24/2018 20:43:12 PAGE 1   


C51 COMPILER V9.02, COMPILATION OF MODULE KEY
OBJECT MODULE PLACED IN key.OBJ
COMPILER INVOKED BY: F:\keil\C51\BIN\C51.EXE key.c BROWSE DEBUG OBJECTEXTEND

line level    source

   1          #include <reg52.h> 
   2          #include "key.h"
   3          
   4          #define key_page_max=2//屏幕页码数
   5          
   6          sbit k1=P0^4;
   7          sbit k2=P0^5;
   8          sbit k3=P0^6;
   9          
  10          KEY_NUM_STATE KEY_N_S_NOW;
  11          KEY_NUM_STATE KEY_N_S_PER;
  12          KEY_NUM_STATE Key_State;
  13          unsigned char push_time=15;
  14          
  15          
  16          
  17          unsigned char key_check(void)
  18          {
  19   1              if(k1==0) return 1;
  20   1              else if(k2==0) return 2;
  21   1              else if(k3==0) return 3;
  22   1              else return 0;
  23   1      }
  24          
  25          void get_key(void)//按键设置
  26          {  
  27   1        static int key_loop_count=0;
  28   1        KEY_N_S_NOW.KEY_NUM=key_check(); 
  29   1        if(KEY_N_S_NOW.KEY_NUM==KEY_N_S_PER.KEY_NUM&&KEY_N_S_NOW.KEY_NUM!=0)key_loop_count++; 
  30   1        if(KEY_N_S_NOW.KEY_NUM==0 && KEY_N_S_PER.KEY_NUM==0 )//0-未按下
  31   1        {
  32   2          Key_State.KEY_NUM=KEY_N_S_NOW.KEY_NUM;
  33   2          Key_State.KEY_STATE=0; 
  34   2          key_loop_count=0;
  35   2        }    
  36   1        if(key_loop_count>push_time)//2-判断是否长按
  37   1        {
  38   2          Key_State.KEY_NUM=KEY_N_S_NOW.KEY_NUM;
  39   2          Key_State.KEY_STATE=2;  
  40   2          key_loop_count=100;
  41   2        }    
  42   1        if(KEY_N_S_NOW.KEY_NUM==0&&KEY_N_S_PER.KEY_NUM!=0&&key_loop_count<=push_time)//1-判断是否短按
  43   1        {
  44   2          Key_State.KEY_NUM=KEY_N_S_PER.KEY_NUM;
  45   2          Key_State.KEY_STATE=1;  
  46   2          key_loop_count=0;
  47   2        }  
  48   1        KEY_N_S_PER.KEY_NUM=KEY_N_S_NOW.KEY_NUM;
  49   1        key_place();
  50   1      
  51   1      }
  52          
  53          char key_line=0;
  54          char key_page=0;
  55          char key_sure=0;
C51 COMPILER V9.02   KEY                                                                   09/24/2018 20:43:12 PAGE 2   

  56          
  57          void key_place(void)//按键功能函数
  58          {  
  59   1          if(Key_State.KEY_STATE==1 && Key_State.KEY_NUM==3 && key_sure==0)//  行位置          
  60   1          {
  61   2             key_line+=1;                               
  62   2             if(key_line==4) 
  63   2                 {
  64   3                       key_line=0;//跳到第1行
  65   3                       key_page++;
  66   3                       if(key_page=key_page_max) key_page=0;//返回第0页
  67   3                 }
  68   2          }    
  69   1          if(Key_State.KEY_STATE==1 && Key_State.KEY_NUM==1 && key_sure==0)            
  70   1          {
  71   2             key_line-=1;
  72   2             if(key_line==-1) 
  73   2                 {
  74   3                       key_line=3;//跳到第4行          
  75   3                       key_page--;
  76   3                       if(key_page<0) key_page=0; 
  77   3                 }
  78   2          } 
  79   1      ////////////////////////////////////////////////////////////////////////////////    
  80   1          if(Key_State.KEY_STATE==1 && Key_State.KEY_NUM==2) key_sure=~key_sure; //确定键  
  81   1              parame_set();
  82   1              long_push();                   
  83   1      }
  84          char tiaoling=1;
  85          void key_function(char  parame_page,char parame_line,char *parame_addr,char variation)
  86          {
  87   1        if(key_sure<0 && variation>0)//短按
  88   1        {
  89   2            if(key_page==parame_page && key_line==parame_line)
  90   2            {
  91   3                 if(Key_State.KEY_STATE==1 && Key_State.KEY_NUM==1) //上
  92   3                 {
  93   4                    *parame_addr=*parame_addr+variation;    
  94   4                 }       
  95   3                 if(Key_State.KEY_STATE==1 && Key_State.KEY_NUM==3) //下
  96   3                 {
  97   4                    *parame_addr=*parame_addr-variation;    
  98   4                 } 
  99   3             }
 100   2         }
 101   1      }
 102          
 103          
 104          
 105          void long_push(void)
 106          {
 107   1         //if(key_sure==0) //长按 需把变化量设置成0
 108   1      
 109   1         //key1长按
 110   1         if(Key_State.KEY_STATE==2 && Key_State.KEY_NUM==1)  tiaoling=1;//调零
 111   1         if(Key_State.KEY_STATE==2 && Key_State.KEY_NUM==2)  IAP_CONTR=0x20;//复位
 112   1         //if(Key_State.KEY_STATE==2 && Key_State.KEY_NUM==3)  tiaoling=3;
 113   1                
 114   1      }
 115          void parame_set(void)
 116          {
 117   1        key_function(0,0,&tiaoling,1);//调节 第 0 页 第 0 行 ce 参数
C51 COMPILER V9.02   KEY                                                                   09/24/2018 20:43:12 PAGE 3   

 118   1      }
 119          
 120          
 121          
 122          
 123          
 124          
 125          
 126          


MODULE INFORMATION:   STATIC OVERLAYABLE
   CODE SIZE        =    321    ----
   CONSTANT SIZE    =   ----    ----
   XDATA SIZE       =   ----    ----
   PDATA SIZE       =   ----    ----
   DATA SIZE        =     13       6
   IDATA SIZE       =   ----    ----
   BIT SIZE         =   ----    ----
END OF MODULE INFORMATION.


C51 COMPILATION COMPLETE.  0 WARNING(S),  0 ERROR(S)
