C51 COMPILER V9.02   OLED_DISPLAY                                                          09/24/2018 20:43:12 PAGE 1   


C51 COMPILER V9.02, COMPILATION OF MODULE OLED_DISPLAY
OBJECT MODULE PLACED IN oled_display.OBJ
COMPILER INVOKED BY: F:\keil\C51\BIN\C51.EXE oled_display.c BROWSE DEBUG OBJECTEXTEND

line level    source

   1          #include <reg52.h> 
   2          #include "oled_display.h"
   3          
   4          #include "oled.h"
   5          
   6          extern char key_line;
   7          extern char key_page;
   8          extern char key_sure;
   9          
  10          
  11          void display(void)
  12          {
  13   1        refresh_oled();
  14   1        display_flag();  
  15   1        lcd_user_write();
  16   1      }
  17          
  18          void display_flag(void)
  19          {
  20   1        static char perline=0;
  21   1        static char cleline=3;
  22   1        static char nowline=0;
  23   1        static unsigned char count=0;
  24   1        if(++count>20) count=0;
  25   1        nowline=key_line*2;
  26   1        OLED_ShowString(0,cleline," ");
  27   1        if(key_sure<0 && count>10) OLED_ShowString(0,nowline," ");
  28   1        else OLED_ShowString(0,nowline,">"); 
  29   1        
  30   1        if(perline!=nowline) cleline=perline;
  31   1        perline=nowline;  
  32   1      }
  33          
  34          void refresh_oled(void)
  35          { 
  36   1        static char per_page=0;
  37   1        static char per_sure=0;
  38   1        if(key_page!=per_page) OLED_Clear();
  39   1        per_page=key_page;
  40   1        if(key_page!=per_sure) OLED_Clear();
  41   1        per_sure=key_page;
  42   1        //if(Key_State.KEY_STATE==2 && Key_State.KEY_NUM==2) OLED_init();     //
  43   1      }
  44          extern unsigned int  hx711date;
  45          extern unsigned int InitForceValue;
  46          extern unsigned int f_val;
  47          
  48          
  49          extern char tiaoling;
  50          
  51          void lcd_user_write(void)
  52          {   int i = 0;
  53   1          if(key_page==0)
  54   1              {
  55   2                OLED_ShowCHinese(10,0,20);//tiaoling
C51 COMPILER V9.02   OLED_DISPLAY                                                          09/24/2018 20:43:12 PAGE 2   

  56   2                OLED_ShowCHinese(28,0,21);
  57   2                display_num(70,0,tiaoling);
  58   2                 
  59   2                OLED_ShowCHinese(10,2,22);//│ш(22) ох(23)
  60   2                OLED_ShowCHinese(28,2,23);
  61   2                display_num(70,2,InitForceValue);     //32213
  62   2                  
  63   2                OLED_ShowCHinese(10,4,24);//li(24) ох(23)
  64   2                OLED_ShowCHinese(28,4,23);
  65   2                display_num(70,4, f_val); 
  66   2              }
  67   1      
  68   1      
  69   1          if(key_page==1)
  70   1              {
  71   2                OLED_ShowCHinese(10,2,20);//tiaoling
  72   2                OLED_ShowCHinese(28,2,21);
  73   2              }
  74   1      }


MODULE INFORMATION:   STATIC OVERLAYABLE
   CODE SIZE        =    236    ----
   CONSTANT SIZE    =      4    ----
   XDATA SIZE       =   ----    ----
   PDATA SIZE       =   ----    ----
   DATA SIZE        =      6       2
   IDATA SIZE       =   ----    ----
   BIT SIZE         =   ----    ----
END OF MODULE INFORMATION.


C51 COMPILATION COMPLETE.  0 WARNING(S),  0 ERROR(S)
