C51 COMPILER V9.02   PIT                                                                   09/24/2018 20:43:12 PAGE 1   


C51 COMPILER V9.02, COMPILATION OF MODULE PIT
OBJECT MODULE PLACED IN pit.OBJ
COMPILER INVOKED BY: F:\keil\C51\BIN\C51.EXE pit.c BROWSE DEBUG OBJECTEXTEND

line level    source

   1          #include<reg52.h>
   2          #include "pit.h"
   3          #include "read voltage value.h"
   4          #include "uart.h"
   5          #include "hx711.h"
   6          #include "key.h"
   7          #define Timer0_Reload_s                 ((MAIN_Fosc / 1000) * D_TIMER0 / 12000)
   8          #if (Timer0_Reload_s < 65536)
   9                  #define Timer0_Reload           (65536 - Timer0_Reload_s)
  10          #endif
  11          
  12          //unsigned char num=0;
  13          //unsigned char key_value=0;
  14          
  15          extern unsigned int InitForceValue;                             
  16          extern unsigned int hx711date;
  17          extern int f_val;       
  18          /****************************************************************************** 
  19          定时器初始化子程序 (24M晶振)                    
  20          ******************************************************************************/
  21          void Timer0_Init(void)
  22          {
  23   1        TMOD |= 0x01;   //使用模式1，16位定时器，使用"|"符号可以在使用多个定时器时不受影响                 
  24   1        TH0 = Timer0_Reload / 256;
  25   1        TL0 = Timer0_Reload % 256; 
  26   1      }
  27          //uchar Timer[10]={0,1,2,3,4,5,6,7,8,9};
  28          //void time_event_cb(uchar num,uchar period,void (*period_event)())
  29          //{
  30          //  //static uchar count_time=0;
  31          //  Timer[num]++;
  32          //  if(Timer[num]==period) 
  33          //  {
  34          //      period_event();
  35          //      Timer[num]=0;
  36          //  }
  37          //}
  38          /****************************************************************************** 
  39          用户周期事件服务区                      
  40          ******************************************************************************/
  41          //int buff_hx[5] = {0};
  42          //char is_send = 0;
  43          //void event_1(void)
  44          //{
  45          //  num=ReadADC(0);
  46          //  WriteDAC(num);
  47          //  Uart_SendChar(num);
  48          //}
  49          //void event_2(void)
  50          //{
  51          //  static char count = 0;
  52          //  hx711date = ReadCount();
  53          //  f_val = hx711date   - InitForceValue;
  54          //  if(is_send == 0)
  55          //  {
C51 COMPILER V9.02   PIT                                                                   09/24/2018 20:43:12 PAGE 2   

  56          //     buff_hx[count++] = f_val;
  57          //  }
  58          //                              
  59          //  if(count == 5)
  60          //  {
  61          //    count = 0;
  62          //      is_send = 1;
  63          //  }
  64          //}
  65          //
  66          //
  67          //
  68          //void event_3(void)
  69          //{ 
  70          //  //f_val = hx711date - InitForceValue;
  71          //  if(is_send)
  72          //  {
  73          //       send_hx711(buff_hx);
  74          //       is_send = 0;
  75          //  }     
  76          //}
  77          //
  78          //void event_4(void)
  79          //{ 
  80          //  get_key();
  81          //}
  82          
  83          
  84          //注册函数
  85          //void timer_event(void)
  86          //{
  87            //time_event_cb(4,3,event_4);//按键处理
  88            //time_event_cb(1,1000,event_1);
  89            //time_event_cb(3,1,event_3);//发送hx117的值
  90            //time_event_cb(2,5,event_2);//力值采集
  91          
  92          //}
  93          
  94          //注册函数
  95          void timer_event(void)
  96          {
  97   1        static unsigned char count = 0;
  98   1      
  99   1        if(count == 0)
 100   1        {
 101   2               get_key();
 102   2        }
 103   1        if(count == 1)
 104   1        {
 105   2               send_hx711(f_val);  
 106   2        }     
 107   1        if(count++ == 1)      count = 0;
 108   1      }
 109          /****************************************************************************** 
 110          定时器中断子程序                        
 111          ******************************************************************************/
 112          void Timer0_isr(void) interrupt 1 
 113          {
 114   1              TR0 = 0;
 115   1              TH0 = Timer0_Reload / 256;
 116   1              TL0 = Timer0_Reload % 256; 
 117   1              TR0 = 1;        
C51 COMPILER V9.02   PIT                                                                   09/24/2018 20:43:12 PAGE 3   

 118   1              timer_event();
 119   1      }
 120          


MODULE INFORMATION:   STATIC OVERLAYABLE
   CODE SIZE        =    110    ----
   CONSTANT SIZE    =   ----    ----
   XDATA SIZE       =   ----    ----
   PDATA SIZE       =   ----    ----
   DATA SIZE        =      1    ----
   IDATA SIZE       =   ----    ----
   BIT SIZE         =   ----    ----
END OF MODULE INFORMATION.


C51 COMPILATION COMPLETE.  0 WARNING(S),  0 ERROR(S)
