C51 COMPILER V9.02   READ_VOLTAGE_VALUE                                                    09/24/2018 20:43:12 PAGE 1   


C51 COMPILER V9.02, COMPILATION OF MODULE READ_VOLTAGE_VALUE
OBJECT MODULE PLACED IN read voltage value.OBJ
COMPILER INVOKED BY: F:\keil\C51\BIN\C51.EXE read voltage value.c BROWSE DEBUG OBJECTEXTEND

line level    source

   1          #include "read voltage value.h"
   2          #include "i2c.h"
   3          
   4          #define AddWr 0x90   //写数据地址 
   5          #define AddRd 0x91   //读数据地址
   6          extern bit ack;
   7          /****************************************************************************** 
   8                       读AD转值程序
   9          输入参数 Chl 表示需要转换的通道，范围从0-3
  10          返回值范围0-255                         
  11          ******************************************************************************/
  12          unsigned char ReadADC(unsigned char Chl)
  13           {
  14   1         unsigned char Val;
  15   1         Start_I2c();               //启动总线
  16   1         SendByte(AddWr);             //发送器件地址
  17   1           if(ack==0)return(0);
  18   1         SendByte(0x40|Chl);            //发送器件子地址
  19   1           if(ack==0)return(0);
  20   1         Start_I2c();
  21   1         SendByte(AddWr+1);
  22   1            if(ack==0)return(0);
  23   1         Val=RcvByte();
  24   1         NoAck_I2c();                 //发送非应位
  25   1         Stop_I2c();                  //结束总线
  26   1        return(Val);
  27   1       }
  28          /****************************************************************************** 
  29                         写入DA转换数值
  30          输入参数：dat 表示需要转换的DA数值，范围是0-255                         
  31          ******************************************************************************/
  32          bit WriteDAC(unsigned char dat)
  33          {
  34   1         Start_I2c();               //启动总线
  35   1         SendByte(AddWr);             //发送器件地址
  36   1           if(ack==0)return(0);
  37   1         SendByte(0x40);            //发送器件子地址
  38   1           if(ack==0)return(0);
  39   1         SendByte(dat);             //发送数据
  40   1           if(ack==0)return(0);
  41   1         Stop_I2c();     
  42   1      }
  43          
  44          
  45          
  46          
  47          
*** WARNING C291 IN LINE 42 OF READ VOLTAGE VALUE.C: not every exit path returns a value


MODULE INFORMATION:   STATIC OVERLAYABLE
   CODE SIZE        =     97    ----
   CONSTANT SIZE    =   ----    ----
   XDATA SIZE       =   ----    ----
   PDATA SIZE       =   ----    ----
C51 COMPILER V9.02   READ_VOLTAGE_VALUE                                                    09/24/2018 20:43:12 PAGE 2   

   DATA SIZE        =   ----       3
   IDATA SIZE       =   ----    ----
   BIT SIZE         =   ----    ----
END OF MODULE INFORMATION.


C51 COMPILATION COMPLETE.  1 WARNING(S),  0 ERROR(S)
